2021-08-29T14:50:22+00:00 CRITICAL Uncaught TypeError: in_array(): Argument #2 ($haystack) must be of type array, null given in C:\xampp\htdocs\wordpress\wp-content\plugins\speed-booster-pack\includes\classes\class-sbp-warmup-process.php:16
Stack trace:
#0 C:\xampp\htdocs\wordpress\wp-content\plugins\speed-booster-pack\includes\classes\class-sbp-warmup-process.php(16): in_array('http://localhos...', NULL)
#1 C:\xampp\htdocs\wordpress\wp-content\plugins\speed-booster-pack\vendor\deliciousbrains\wp-background-processing\classes\wp-background-process.php(301): SpeedBooster\SBP_Warmup_Process->task(Array)
#2 C:\xampp\htdocs\wordpress\wp-content\plugins\speed-booster-pack\vendor\deliciousbrains\wp-background-processing\classes\wp-background-process.php(449): WP_Background_Process->handle()
#3 C:\xampp\htdocs\wordpress\wp-includes\class-wp-hook.php(303): WP_Background_Process->handle_cron_healthcheck()
#4 C:\xampp\htdocs\wordpress\wp-includes\class-wp-hook.php(327): WP_Hook->apply_filters('', Array)
#5 C:\xampp\htdocs\wordpress\wp-includes\plugin.php(518): WP_Hook->do_action(Array)
#6 C:\xampp\htdocs\wordpress\wp-cron.php(138): do_action_ref_array('wp_warmup_cron', Array)
#7 {main}
  thrown in C:\xampp\htdocs\wordpress\wp-content\plugins\speed-booster-pack\includes\classes\class-sbp-warmup-process.php on line 16

2021-08-29T14:52:29+00:00 CRITICAL Uncaught TypeError: in_array(): Argument #2 ($haystack) must be of type array, null given in C:\xampp\htdocs\wordpress\wp-content\plugins\speed-booster-pack\includes\classes\class-sbp-warmup-process.php:16
Stack trace:
#0 C:\xampp\htdocs\wordpress\wp-content\plugins\speed-booster-pack\includes\classes\class-sbp-warmup-process.php(16): in_array('http://localhos...', NULL)
#1 C:\xampp\htdocs\wordpress\wp-content\plugins\speed-booster-pack\vendor\deliciousbrains\wp-background-processing\classes\wp-background-process.php(301): SpeedBooster\SBP_Warmup_Process->task(Array)
#2 C:\xampp\htdocs\wordpress\wp-content\plugins\speed-booster-pack\vendor\deliciousbrains\wp-background-processing\classes\wp-background-process.php(175): WP_Background_Process->handle()
#3 C:\xampp\htdocs\wordpress\wp-includes\class-wp-hook.php(303): WP_Background_Process->maybe_handle('')
#4 C:\xampp\htdocs\wordpress\wp-includes\class-wp-hook.php(327): WP_Hook->apply_filters('', Array)
#5 C:\xampp\htdocs\wordpress\wp-includes\plugin.php(470): WP_Hook->do_action(Array)
#6 C:\xampp\htdocs\wordpress\wp-admin\admin-ajax.php(187): do_action('wp_ajax_wp_warm...')
#7 {main}
  thrown in C:\xampp\htdocs\wordpress\wp-content\plugins\speed-booster-pack\includes\classes\class-sbp-warmup-process.php on line 16

