2021-08-11T08:59:33+00:00 CRITICAL Uncaught Error: Call to undefined function mhelotus_post_thumbnail() in /opt/lampp/htdocs/wordpress/wp-content/themes/mheLotus1/templates/content-page.php:17
Stack trace:
#0 /opt/lampp/htdocs/wordpress/wp-includes/template.php(772): require()
#1 /opt/lampp/htdocs/wordpress/wp-includes/template.php(716): load_template('/opt/lampp/htdo...', false, Array)
#2 /opt/lampp/htdocs/wordpress/wp-includes/general-template.php(204): locate_template(Array, true, false, Array)
#3 /opt/lampp/htdocs/wordpress/wp-content/themes/mheLotus1/page.php(24): get_template_part('templates/conte...', 'page')
#4 /opt/lampp/htdocs/wordpress/wp-includes/template-loader.php(106): include('/opt/lampp/htdo...')
#5 /opt/lampp/htdocs/wordpress/wp-blog-header.php(19): require_once('/opt/lampp/htdo...')
#6 /opt/lampp/htdocs/wordpress/index.php(17): require('/opt/lampp/htdo...')
#7 {main}
  thrown in /opt/lampp/htdocs/wordpress/wp-content/themes/mheLotus1/templates/content-page.php on line 17

2021-08-11T08:59:52+00:00 CRITICAL Uncaught Error: Call to undefined function mhelotus_post_thumbnail() in /opt/lampp/htdocs/wordpress/wp-content/themes/mheLotus1/templates/content-page.php:17
Stack trace:
#0 /opt/lampp/htdocs/wordpress/wp-includes/template.php(772): require()
#1 /opt/lampp/htdocs/wordpress/wp-includes/template.php(716): load_template('/opt/lampp/htdo...', false, Array)
#2 /opt/lampp/htdocs/wordpress/wp-includes/general-template.php(204): locate_template(Array, true, false, Array)
#3 /opt/lampp/htdocs/wordpress/wp-content/themes/mheLotus1/page.php(24): get_template_part('templates/conte...', 'page')
#4 /opt/lampp/htdocs/wordpress/wp-includes/template-loader.php(106): include('/opt/lampp/htdo...')
#5 /opt/lampp/htdocs/wordpress/wp-blog-header.php(19): require_once('/opt/lampp/htdo...')
#6 /opt/lampp/htdocs/wordpress/index.php(17): require('/opt/lampp/htdo...')
#7 {main}
  thrown in /opt/lampp/htdocs/wordpress/wp-content/themes/mheLotus1/templates/content-page.php on line 17

2021-08-11T09:00:12+00:00 CRITICAL Uncaught Error: Call to undefined function mhelotus_post_thumbnail() in /opt/lampp/htdocs/wordpress/wp-content/themes/mheLotus1/templates/content-page.php:17
Stack trace:
#0 /opt/lampp/htdocs/wordpress/wp-includes/template.php(772): require()
#1 /opt/lampp/htdocs/wordpress/wp-includes/template.php(716): load_template('/opt/lampp/htdo...', false, Array)
#2 /opt/lampp/htdocs/wordpress/wp-includes/general-template.php(204): locate_template(Array, true, false, Array)
#3 /opt/lampp/htdocs/wordpress/wp-content/themes/mheLotus1/page.php(24): get_template_part('templates/conte...', 'page')
#4 /opt/lampp/htdocs/wordpress/wp-includes/template-loader.php(106): include('/opt/lampp/htdo...')
#5 /opt/lampp/htdocs/wordpress/wp-blog-header.php(19): require_once('/opt/lampp/htdo...')
#6 /opt/lampp/htdocs/wordpress/index.php(17): require('/opt/lampp/htdo...')
#7 {main}
  thrown in /opt/lampp/htdocs/wordpress/wp-content/themes/mheLotus1/templates/content-page.php on line 17

2021-08-11T09:00:16+00:00 CRITICAL Uncaught Error: Call to undefined function mhelotus_post_thumbnail() in /opt/lampp/htdocs/wordpress/wp-content/themes/mheLotus1/templates/content-page.php:17
Stack trace:
#0 /opt/lampp/htdocs/wordpress/wp-includes/template.php(772): require()
#1 /opt/lampp/htdocs/wordpress/wp-includes/template.php(716): load_template('/opt/lampp/htdo...', false, Array)
#2 /opt/lampp/htdocs/wordpress/wp-includes/general-template.php(204): locate_template(Array, true, false, Array)
#3 /opt/lampp/htdocs/wordpress/wp-content/themes/mheLotus1/page.php(24): get_template_part('templates/conte...', 'page')
#4 /opt/lampp/htdocs/wordpress/wp-includes/template-loader.php(106): include('/opt/lampp/htdo...')
#5 /opt/lampp/htdocs/wordpress/wp-blog-header.php(19): require_once('/opt/lampp/htdo...')
#6 /opt/lampp/htdocs/wordpress/index.php(17): require('/opt/lampp/htdo...')
#7 {main}
  thrown in /opt/lampp/htdocs/wordpress/wp-content/themes/mheLotus1/templates/content-page.php on line 17

2021-08-11T09:00:31+00:00 CRITICAL Uncaught Error: Call to undefined function mhelotus_post_thumbnail() in /opt/lampp/htdocs/wordpress/wp-content/themes/mheLotus1/templates/content-page.php:17
Stack trace:
#0 /opt/lampp/htdocs/wordpress/wp-includes/template.php(772): require()
#1 /opt/lampp/htdocs/wordpress/wp-includes/template.php(716): load_template('/opt/lampp/htdo...', false, Array)
#2 /opt/lampp/htdocs/wordpress/wp-includes/general-template.php(204): locate_template(Array, true, false, Array)
#3 /opt/lampp/htdocs/wordpress/wp-content/themes/mheLotus1/page.php(24): get_template_part('templates/conte...', 'page')
#4 /opt/lampp/htdocs/wordpress/wp-includes/template-loader.php(106): include('/opt/lampp/htdo...')
#5 /opt/lampp/htdocs/wordpress/wp-blog-header.php(19): require_once('/opt/lampp/htdo...')
#6 /opt/lampp/htdocs/wordpress/index.php(17): require('/opt/lampp/htdo...')
#7 {main}
  thrown in /opt/lampp/htdocs/wordpress/wp-content/themes/mheLotus1/templates/content-page.php on line 17

2021-08-11T09:02:49+00:00 CRITICAL Uncaught Error: Call to undefined function mhelotus_post_thumbnail() in /opt/lampp/htdocs/wordpress/wp-content/themes/mheLotus1/templates/content-page.php:17
Stack trace:
#0 /opt/lampp/htdocs/wordpress/wp-includes/template.php(772): require()
#1 /opt/lampp/htdocs/wordpress/wp-includes/template.php(716): load_template('/opt/lampp/htdo...', false, Array)
#2 /opt/lampp/htdocs/wordpress/wp-includes/general-template.php(204): locate_template(Array, true, false, Array)
#3 /opt/lampp/htdocs/wordpress/wp-content/themes/mheLotus1/page.php(24): get_template_part('templates/conte...', 'page')
#4 /opt/lampp/htdocs/wordpress/wp-includes/template-loader.php(106): include('/opt/lampp/htdo...')
#5 /opt/lampp/htdocs/wordpress/wp-blog-header.php(19): require_once('/opt/lampp/htdo...')
#6 /opt/lampp/htdocs/wordpress/index.php(17): require('/opt/lampp/htdo...')
#7 {main}
  thrown in /opt/lampp/htdocs/wordpress/wp-content/themes/mheLotus1/templates/content-page.php on line 17

2021-08-11T09:03:02+00:00 CRITICAL Uncaught Error: Call to undefined function mhelotus_post_thumbnail() in /opt/lampp/htdocs/wordpress/wp-content/themes/mheLotus1/templates/content-page.php:17
Stack trace:
#0 /opt/lampp/htdocs/wordpress/wp-includes/template.php(772): require()
#1 /opt/lampp/htdocs/wordpress/wp-includes/template.php(716): load_template('/opt/lampp/htdo...', false, Array)
#2 /opt/lampp/htdocs/wordpress/wp-includes/general-template.php(204): locate_template(Array, true, false, Array)
#3 /opt/lampp/htdocs/wordpress/wp-content/themes/mheLotus1/page.php(24): get_template_part('templates/conte...', 'page')
#4 /opt/lampp/htdocs/wordpress/wp-includes/template-loader.php(106): include('/opt/lampp/htdo...')
#5 /opt/lampp/htdocs/wordpress/wp-blog-header.php(19): require_once('/opt/lampp/htdo...')
#6 /opt/lampp/htdocs/wordpress/index.php(17): require('/opt/lampp/htdo...')
#7 {main}
  thrown in /opt/lampp/htdocs/wordpress/wp-content/themes/mheLotus1/templates/content-page.php on line 17

2021-08-11T09:03:20+00:00 CRITICAL Uncaught Error: Call to undefined function mhelotus_post_thumbnail() in /opt/lampp/htdocs/wordpress/wp-content/themes/mheLotus1/templates/content.php:32
Stack trace:
#0 /opt/lampp/htdocs/wordpress/wp-includes/template.php(772): require()
#1 /opt/lampp/htdocs/wordpress/wp-includes/template.php(716): load_template('/opt/lampp/htdo...', false, Array)
#2 /opt/lampp/htdocs/wordpress/wp-includes/general-template.php(204): locate_template(Array, true, false, Array)
#3 /opt/lampp/htdocs/wordpress/wp-content/themes/mheLotus1/single.php(19): get_template_part('templates/conte...', 'product')
#4 /opt/lampp/htdocs/wordpress/wp-includes/template-loader.php(106): include('/opt/lampp/htdo...')
#5 /opt/lampp/htdocs/wordpress/wp-blog-header.php(19): require_once('/opt/lampp/htdo...')
#6 /opt/lampp/htdocs/wordpress/index.php(17): require('/opt/lampp/htdo...')
#7 {main}
  thrown in /opt/lampp/htdocs/wordpress/wp-content/themes/mheLotus1/templates/content.php on line 32

